<?xml version="1.0" encoding="UTF-8"?>
<!-- Generated by org.testng.reporters.JUnitReportReporter -->
<testsuite hostname="Ravi-PC" failures="0" tests="2" name="testcase.DynamicCntrlsPageTest" time="16.562" errors="0" timestamp="2022-05-25T18:32:56 IST" skipped="0">
  <testcase classname="testcase.DynamicCntrlsPageTest" name="Verifyclick_RemoveorAdd" time="8.071"/>
  <system-out/>
  <testcase classname="testcase.DynamicCntrlsPageTest" name="click_EnableDisable" time="8.491"/>
  <system-out/>
</testsuite> <!-- testcase.DynamicCntrlsPageTest -->
