<?xml version="1.0" encoding="UTF-8"?>
<!-- Generated by org.testng.reporters.JUnitReportReporter -->
<testsuite hostname="Ravi-PC" failures="0" tests="1" name="testcase.infiniteScrollPageTest" time="1.174" errors="0" timestamp="2022-05-24T21:57:07 IST" skipped="0">
  <testcase classname="testcase.infiniteScrollPageTest" name="VerifyScrollTillEnd" time="1.174"/>
  <system-out/>
</testsuite> <!-- testcase.infiniteScrollPageTest -->
