<?xml version="1.0" encoding="UTF-8"?>
<!-- Generated by org.testng.reporters.JUnitReportReporter -->
<testsuite hostname="Ravi-PC" failures="0" tests="2" name="testcase.CheckBoxesPageTest" time="2.517" errors="0" timestamp="2022-05-25T18:32:56 IST" skipped="0">
  <testcase classname="testcase.CheckBoxesPageTest" name="verifyclickCheckBox1" time="1.347"/>
  <system-out/>
  <testcase classname="testcase.CheckBoxesPageTest" name="verifyclickCheckBox2" time="1.170"/>
  <system-out/>
</testsuite> <!-- testcase.CheckBoxesPageTest -->
