<?xml version="1.0" encoding="UTF-8"?>
<!-- Generated by org.testng.reporters.JUnitReportReporter -->
<testsuite hostname="Ravi-PC" failures="0" tests="1" name="testcase.HorizontalSliderTest" time="1.637" errors="0" timestamp="2022-05-24T16:40:27 IST" skipped="0">
  <testcase classname="testcase.HorizontalSliderTest" name="checkScrollByDrag" time="1.637"/>
  <system-out/>
</testsuite> <!-- testcase.HorizontalSliderTest -->
