<?xml version="1.0" encoding="UTF-8"?>
<!-- Generated by org.testng.reporters.JUnitReportReporter -->
<testsuite hostname="Ravi-PC" failures="0" tests="2" name="testcase.DynamicLoadingPgTest" time="15.102" errors="0" timestamp="2022-05-25T18:32:56 IST" skipped="0">
  <testcase classname="testcase.DynamicLoadingPgTest" name="Verifyclick_Example2" time="7.852"/>
  <system-out/>
  <testcase classname="testcase.DynamicLoadingPgTest" name="Verifyclick_Example1" time="7.250"/>
  <system-out/>
</testsuite> <!-- testcase.DynamicLoadingPgTest -->
