<?xml version="1.0" encoding="UTF-8"?>
<!-- Generated by org.testng.reporters.JUnitReportReporter -->
<testsuite hostname="Ravi-PC" failures="0" tests="1" name="testcase.HoversTest" time="1.791" errors="0" timestamp="2022-05-24T20:46:46 IST" skipped="0">
  <testcase classname="testcase.HoversTest" name="verifyimageHover" time="1.791"/>
  <system-out/>
</testsuite> <!-- testcase.HoversTest -->
