<?xml version="1.0" encoding="UTF-8"?>
<!-- Generated by org.testng.reporters.JUnitReportReporter -->
<testsuite hostname="Ravi-PC" failures="0" tests="1" name="testcase.ChallengingDOMTest" time="2.875" errors="0" timestamp="16 May 2022 12:41:52 GMT">
  <testcase classname="testcase.ChallengingDOMTest" name="verifygetElement" time="2.875"/>
</testsuite> <!-- testcase.ChallengingDOMTest -->
