<?xml version="1.0" encoding="UTF-8"?>
<!-- Generated by org.testng.reporters.JUnitReportReporter -->
<testsuite hostname="Ravi-PC" failures="0" tests="1" name="testcase.FramesPageTest" time="3.815" errors="0" timestamp="2022-05-23T20:17:03 IST" skipped="0">
  <testcase classname="testcase.FramesPageTest" name="verifyclick_nestedFrames" time="3.815"/>
  <system-out/>
</testsuite> <!-- testcase.FramesPageTest -->
