<?xml version="1.0" encoding="UTF-8"?>
<!-- Generated by org.testng.reporters.JUnitReportReporter -->
<testsuite hostname="Ravi-PC" failures="0" tests="1" name="testcase.DisappearingElmPageTest" time="2.369" errors="0" timestamp="2022-05-25T18:32:56 IST" skipped="0">
  <testcase classname="testcase.DisappearingElmPageTest" name="verifydisappearElm" time="2.369"/>
  <system-out/>
</testsuite> <!-- testcase.DisappearingElmPageTest -->
