<?xml version="1.0" encoding="UTF-8"?>
<!-- Generated by org.testng.reporters.JUnitReportReporter -->
<testsuite hostname="Ravi-PC" failures="0" tests="2" name="testcase.DynamicCntrlsPageTest" time="17.139" errors="0" timestamp="17 May 2022 12:54:48 GMT">
  <testcase classname="testcase.DynamicCntrlsPageTest" name="click_EnableDisable" time="8.717"/>
  <testcase classname="testcase.DynamicCntrlsPageTest" name="Verifyclick_RemoveorAdd" time="8.422"/>
</testsuite> <!-- testcase.DynamicCntrlsPageTest -->
