<?xml version="1.0" encoding="UTF-8"?>
<!-- Generated by org.testng.reporters.JUnitReportReporter -->
<testsuite hostname="Ravi-PC" failures="0" tests="1" name="testcase.LandPageTest" time="1.707" errors="0" timestamp="17 May 2022 12:54:48 GMT">
  <testcase classname="testcase.LandPageTest" name="verifyClick_ChallengingDOM" time="1.707"/>
</testsuite> <!-- testcase.LandPageTest -->
