<?xml version="1.0" encoding="UTF-8"?>
<!-- Generated by org.testng.reporters.JUnitReportReporter -->
<testsuite hostname="Ravi-PC" failures="0" tests="2" name="testcase.DynamicLoadingPgTest" time="15.772" errors="0" timestamp="17 May 2022 12:54:48 GMT">
  <testcase classname="testcase.DynamicLoadingPgTest" name="Verifyclick_Example1" time="7.901"/>
  <testcase classname="testcase.DynamicLoadingPgTest" name="Verifyclick_Example2" time="7.871"/>
</testsuite> <!-- testcase.DynamicLoadingPgTest -->
