<?xml version="1.0" encoding="UTF-8"?>
<!-- Generated by org.testng.reporters.JUnitReportReporter -->
<testsuite hostname="Ravi-PC" failures="0" tests="2" name="testcase.CheckBoxesPageTest" time="2.401" errors="0" timestamp="17 May 2022 12:54:48 GMT">
  <testcase classname="testcase.CheckBoxesPageTest" name="verifyclickCheckBox2" time="1.165"/>
  <testcase classname="testcase.CheckBoxesPageTest" name="verifyclickCheckBox1" time="1.236"/>
</testsuite> <!-- testcase.CheckBoxesPageTest -->
