<?xml version="1.0" encoding="UTF-8"?>
<!-- Generated by org.testng.reporters.JUnitReportReporter -->
<testsuite hostname="Ravi-PC" failures="0" tests="1" name="testcase.FramesPageTest" time="3.509" errors="0" timestamp="23 May 2022 15:31:06 GMT">
  <testcase classname="testcase.FramesPageTest" name="verifyclick_nestedFrames" time="3.509"/>
</testsuite> <!-- testcase.FramesPageTest -->
